\BOOKMARK [1][-]{section.1}{Introduction}{}% 1
\BOOKMARK [1][-]{section.2}{Previous research}{}% 2
\BOOKMARK [1][-]{section.3}{Data gathering}{}% 3
\BOOKMARK [2][-]{subsection.3.1}{Data Source - Fortune 500}{section.3}% 4
\BOOKMARK [2][-]{subsection.3.2}{Metrics}{section.3}% 5
\BOOKMARK [3][-]{subsubsection.3.2.1}{Loading time:}{subsection.3.2}% 6
\BOOKMARK [3][-]{subsubsection.3.2.2}{Number of links:}{subsection.3.2}% 7
\BOOKMARK [3][-]{subsubsection.3.2.3}{Social media:}{subsection.3.2}% 8
\BOOKMARK [3][-]{subsubsection.3.2.4}{Number, type and sizes of images:}{subsection.3.2}% 9
\BOOKMARK [3][-]{subsubsection.3.2.5}{Content:}{subsection.3.2}% 10
\BOOKMARK [3][-]{subsubsection.3.2.6}{HTML Validation:}{subsection.3.2}% 11
\BOOKMARK [2][-]{subsection.3.3}{Python}{section.3}% 12
\BOOKMARK [2][-]{subsection.3.4}{Scripts}{section.3}% 13
\BOOKMARK [3][-]{subsubsection.3.4.1}{Companies ranking, names and url}{subsection.3.4}% 14
\BOOKMARK [3][-]{subsubsection.3.4.2}{URL validation}{subsection.3.4}% 15
\BOOKMARK [3][-]{subsubsection.3.4.3}{Download sites html code}{subsection.3.4}% 16
\BOOKMARK [3][-]{subsubsection.3.4.4}{Not downloadable pages}{subsection.3.4}% 17
\BOOKMARK [3][-]{subsubsection.3.4.5}{Content}{subsection.3.4}% 18
\BOOKMARK [3][-]{subsubsection.3.4.6}{HTML Validation}{subsection.3.4}% 19
\BOOKMARK [3][-]{subsubsection.3.4.7}{Social media}{subsection.3.4}% 20
\BOOKMARK [3][-]{subsubsection.3.4.8}{Links - Internal and External}{subsection.3.4}% 21
\BOOKMARK [3][-]{subsubsection.3.4.9}{Loading time}{subsection.3.4}% 22
\BOOKMARK [3][-]{subsubsection.3.4.10}{Number, type and sizes of images}{subsection.3.4}% 23
\BOOKMARK [3][-]{subsubsection.3.4.11}{Fortune 500 - Metrics download}{subsection.3.4}% 24
\BOOKMARK [3][-]{subsubsection.3.4.12}{Merge data-frames and extract final csv file}{subsection.3.4}% 25
\BOOKMARK [1][-]{section.4}{Data Analysis}{}% 26
\BOOKMARK [2][-]{subsection.4.1}{R and R-Studio}{section.4}% 27
\BOOKMARK [2][-]{subsection.4.2}{Analysis}{section.4}% 28
\BOOKMARK [3][-]{subsubsection.4.2.1}{Data cleansing}{subsection.4.2}% 29
\BOOKMARK [3][-]{subsubsection.4.2.2}{Variable analysis and correlation}{subsection.4.2}% 30
\BOOKMARK [3][-]{subsubsection.4.2.3}{Data manipulation}{subsection.4.2}% 31
\BOOKMARK [3][-]{subsubsection.4.2.4}{Regression models}{subsection.4.2}% 32
\BOOKMARK [3][-]{subsubsection.4.2.5}{Comparisons and other methods}{subsection.4.2}% 33
\BOOKMARK [1][-]{section.5}{Conclusions}{}% 34
\BOOKMARK [1][-]{section.6}{Bibliography}{}% 35
\BOOKMARK [1][-]{appendix.A}{Appendix A: Fortune 500 Companies}{}% 36
\BOOKMARK [1][-]{appendix.B}{Appendix B: Python Scripts}{}% 37
\BOOKMARK [1][-]{appendix.C}{Appendix C: R Scripts}{}% 38
\BOOKMARK [2][-]{subsubsection.C.0.1}{Data cleansing}{appendix.C}% 39
\BOOKMARK [3][-]{subsubsection.C.0.2}{Variable analysis and correlation}{subsubsection.C.0.1}% 40
