This is pdfTeX, Version 3.14159265-2.6-1.40.17 (MiKTeX 2.9) (preloaded format=pdflatex 2016.9.24)  18 FEB 2017 18:41
entering extended mode
**"./Metrics of successful websites and companies.tex"
("Metrics of successful websites and companies.tex"
LaTeX2e <2016/03/31> patch level 3
Babel <3.9r> and hyphenation patterns for 75 language(s) loaded.
("F:\Downloads\MiKTeX 2.9\tex\latex\base\article.cls"
Document Class: article 2014/09/29 v1.4h Standard LaTeX document class
("F:\Downloads\MiKTeX 2.9\tex\latex\base\size10.clo"
File: size10.clo 2014/09/29 v1.4h Standard LaTeX file (size option)
)
\c@part=\count79
\c@section=\count80
\c@subsection=\count81
\c@subsubsection=\count82
\c@paragraph=\count83
\c@subparagraph=\count84
\c@figure=\count85
\c@table=\count86
\abovecaptionskip=\skip41
\belowcaptionskip=\skip42
\bibindent=\dimen102
)
("F:\Downloads\MiKTeX 2.9\tex\latex\titlesec\titlesec.sty"
Package: titlesec 2016/03/21 v2.10.2 Sectioning titles
\ttl@box=\box26
\beforetitleunit=\skip43
\aftertitleunit=\skip44
\ttl@plus=\dimen103
\ttl@minus=\dimen104
\ttl@toksa=\toks14
\titlewidth=\dimen105
\titlewidthlast=\dimen106
\titlewidthfirst=\dimen107
)
("F:\Downloads\MiKTeX 2.9\tex\latex\graphics\graphicx.sty"
Package: graphicx 2014/10/28 v1.0g Enhanced LaTeX Graphics (DPC,SPQR)

("F:\Downloads\MiKTeX 2.9\tex\latex\graphics\keyval.sty"
Package: keyval 2014/10/28 v1.15 key=value parser (DPC)
\KV@toks@=\toks15
)
("F:\Downloads\MiKTeX 2.9\tex\latex\graphics\graphics.sty"
Package: graphics 2016/07/10 v1.0t Standard LaTeX Graphics (DPC,SPQR)

("F:\Downloads\MiKTeX 2.9\tex\latex\graphics\trig.sty"
Package: trig 2016/01/03 v1.10 sin cos tan (DPC)
)
("F:\Downloads\MiKTeX 2.9\tex\latex\00miktex\graphics.cfg"
File: graphics.cfg 2016/06/04 v1.11 sample graphics configuration
)
Package graphics Info: Driver file: pdftex.def on input line 99.

("F:\Downloads\MiKTeX 2.9\tex\latex\graphics-def\pdftex.def"
File: pdftex.def 2016/07/10 v0.06j Graphics/color for pdfTeX

("F:\Downloads\MiKTeX 2.9\tex\generic\oberdiek\infwarerr.sty"
Package: infwarerr 2016/05/16 v1.4 Providing info/warning/error messages (HO)
)
("F:\Downloads\MiKTeX 2.9\tex\generic\oberdiek\ltxcmds.sty"
Package: ltxcmds 2016/05/16 v1.23 LaTeX kernel commands for general use (HO)
)
\Gread@gobject=\count87
))
\Gin@req@height=\dimen108
\Gin@req@width=\dimen109
)
("F:\Downloads\MiKTeX 2.9\tex\latex\hyperref\hyperref.sty"
Package: hyperref 2016/06/24 v6.83q Hypertext links for LaTeX

("F:\Downloads\MiKTeX 2.9\tex\generic\oberdiek\hobsub-hyperref.sty"
Package: hobsub-hyperref 2016/05/16 v1.14 Bundle oberdiek, subset hyperref (HO)


("F:\Downloads\MiKTeX 2.9\tex\generic\oberdiek\hobsub-generic.sty"
Package: hobsub-generic 2016/05/16 v1.14 Bundle oberdiek, subset generic (HO)
Package: hobsub 2016/05/16 v1.14 Construct package bundles (HO)
Package hobsub Info: Skipping package `infwarerr' (already loaded).
Package hobsub Info: Skipping package `ltxcmds' (already loaded).
Package: ifluatex 2016/05/16 v1.4 Provides the ifluatex switch (HO)
Package ifluatex Info: LuaTeX not detected.
Package: ifvtex 2016/05/16 v1.6 Detect VTeX and its facilities (HO)
Package ifvtex Info: VTeX not detected.
Package: intcalc 2016/05/16 v1.2 Expandable calculations with integers (HO)
Package: ifpdf 2016/05/14 v3.1 Provides the ifpdf switch
Package: etexcmds 2016/05/16 v1.6 Avoid name clashes with e-TeX commands (HO)
Package etexcmds Info: Could not find \expanded.
(etexcmds)             That can mean that you are not using pdfTeX 1.50 or
(etexcmds)             that some package has redefined \expanded.
(etexcmds)             In the latter case, load this package earlier.
Package: kvsetkeys 2016/05/16 v1.17 Key value parser (HO)
Package: kvdefinekeys 2016/05/16 v1.4 Define keys (HO)
Package: pdftexcmds 2016/05/21 v0.22 Utility functions of pdfTeX for LuaTeX (HO
)
Package pdftexcmds Info: LuaTeX not detected.
Package pdftexcmds Info: \pdf@primitive is available.
Package pdftexcmds Info: \pdf@ifprimitive is available.
Package pdftexcmds Info: \pdfdraftmode found.
Package: pdfescape 2016/05/16 v1.14 Implements pdfTeX's escape features (HO)
Package: bigintcalc 2016/05/16 v1.4 Expandable calculations on big integers (HO
)
Package: bitset 2016/05/16 v1.2 Handle bit-vector datatype (HO)
Package: uniquecounter 2016/05/16 v1.3 Provide unlimited unique counter (HO)
)
Package hobsub Info: Skipping package `hobsub' (already loaded).
Package: letltxmacro 2016/05/16 v1.5 Let assignment for LaTeX macros (HO)
Package: hopatch 2016/05/16 v1.3 Wrapper for package hooks (HO)
Package: xcolor-patch 2016/05/16 xcolor patch
Package: atveryend 2016/05/16 v1.9 Hooks at the very end of document (HO)
Package atveryend Info: \enddocument detected (standard20110627).
Package: atbegshi 2016/06/09 v1.18 At begin shipout hook (HO)
Package: refcount 2016/05/16 v3.5 Data extraction from label references (HO)
Package: hycolor 2016/05/16 v1.8 Color options for hyperref/bookmark (HO)
)
("F:\Downloads\MiKTeX 2.9\tex\generic\ifxetex\ifxetex.sty"
Package: ifxetex 2010/09/12 v0.6 Provides ifxetex conditional
)
("F:\Downloads\MiKTeX 2.9\tex\latex\oberdiek\auxhook.sty"
Package: auxhook 2016/05/16 v1.4 Hooks for auxiliary files (HO)
)
("F:\Downloads\MiKTeX 2.9\tex\latex\oberdiek\kvoptions.sty"
Package: kvoptions 2016/05/16 v3.12 Key value format for package options (HO)
)
\@linkdim=\dimen110
\Hy@linkcounter=\count88
\Hy@pagecounter=\count89

("F:\Downloads\MiKTeX 2.9\tex\latex\hyperref\pd1enc.def"
File: pd1enc.def 2016/06/24 v6.83q Hyperref: PDFDocEncoding definition (HO)
)
\Hy@SavedSpaceFactor=\count90

("F:\Downloads\MiKTeX 2.9\tex\latex\00miktex\hyperref.cfg"
File: hyperref.cfg 2002/06/06 v1.2 hyperref configuration of TeXLive
)
Package hyperref Info: Hyper figures OFF on input line 4486.
Package hyperref Info: Link nesting OFF on input line 4491.
Package hyperref Info: Hyper index ON on input line 4494.
Package hyperref Info: Plain pages OFF on input line 4501.
Package hyperref Info: Backreferencing OFF on input line 4506.
Package hyperref Info: Implicit mode ON; LaTeX internals redefined.
Package hyperref Info: Bookmarks ON on input line 4735.
\c@Hy@tempcnt=\count91

("F:\Downloads\MiKTeX 2.9\tex\latex\url\url.sty"
\Urlmuskip=\muskip10
Package: url 2013/09/16  ver 3.4  Verb mode for urls, etc.
)
LaTeX Info: Redefining \url on input line 5088.
\XeTeXLinkMargin=\dimen111
\Fld@menulength=\count92
\Field@Width=\dimen112
\Fld@charsize=\dimen113
Package hyperref Info: Hyper figures OFF on input line 6342.
Package hyperref Info: Link nesting OFF on input line 6347.
Package hyperref Info: Hyper index ON on input line 6350.
Package hyperref Info: backreferencing OFF on input line 6357.
Package hyperref Info: Link coloring OFF on input line 6362.
Package hyperref Info: Link coloring with OCG OFF on input line 6367.
Package hyperref Info: PDF/A mode OFF on input line 6372.
LaTeX Info: Redefining \ref on input line 6412.
LaTeX Info: Redefining \pageref on input line 6416.
\Hy@abspage=\count93
\c@Item=\count94
\c@Hfootnote=\count95
)

Package hyperref Message: Driver (autodetected): hpdftex.

("F:\Downloads\MiKTeX 2.9\tex\latex\hyperref\hpdftex.def"
File: hpdftex.def 2016/06/24 v6.83q Hyperref driver for pdfTeX
\Fld@listcount=\count96
\c@bookmark@seq@number=\count97

("F:\Downloads\MiKTeX 2.9\tex\latex\oberdiek\rerunfilecheck.sty"
Package: rerunfilecheck 2016/05/16 v1.8 Rerun checks for auxiliary files (HO)
Package uniquecounter Info: New unique counter `rerunfilecheck' on input line 2
82.
)
\Hy@SectionHShift=\skip45
)
("F:\Downloads\MiKTeX 2.9\tex\latex\float\float.sty"
Package: float 2001/11/08 v1.3d Float enhancements (AL)
\c@float@type=\count98
\float@exts=\toks16
\float@box=\box27
\@float@everytoks=\toks17
\@floatcapt=\box28
)
("F:\Downloads\MiKTeX 2.9\tex\latex\listings\listings.sty"
\lst@mode=\count99
\lst@gtempboxa=\box29
\lst@token=\toks18
\lst@length=\count100
\lst@currlwidth=\dimen114
\lst@column=\count101
\lst@pos=\count102
\lst@lostspace=\dimen115
\lst@width=\dimen116
\lst@newlines=\count103
\lst@lineno=\count104
\lst@maxwidth=\dimen117

("F:\Downloads\MiKTeX 2.9\tex\latex\listings\lstmisc.sty"
File: lstmisc.sty 2015/06/04 1.6 (Carsten Heinz)
\c@lstnumber=\count105
\lst@skipnumbers=\count106
\lst@framebox=\box30
)
("F:\Downloads\MiKTeX 2.9\tex\latex\listings\listings.cfg"
File: listings.cfg 2015/06/04 1.6 listings configuration
))
Package: listings 2015/06/04 1.6 (Carsten Heinz)

("Metrics of successful websites and companies.aux"

LaTeX Warning: Label `appP' multiply defined.

)
\openout1 = `"Metrics of successful websites and companies.aux"'.

LaTeX Font Info:    Checking defaults for OML/cmm/m/it on input line 14.
LaTeX Font Info:    ... okay on input line 14.
LaTeX Font Info:    Checking defaults for T1/cmr/m/n on input line 14.
LaTeX Font Info:    ... okay on input line 14.
LaTeX Font Info:    Checking defaults for OT1/cmr/m/n on input line 14.
LaTeX Font Info:    ... okay on input line 14.
LaTeX Font Info:    Checking defaults for OMS/cmsy/m/n on input line 14.
LaTeX Font Info:    ... okay on input line 14.
LaTeX Font Info:    Checking defaults for OMX/cmex/m/n on input line 14.
LaTeX Font Info:    ... okay on input line 14.
LaTeX Font Info:    Checking defaults for U/cmr/m/n on input line 14.
LaTeX Font Info:    ... okay on input line 14.
LaTeX Font Info:    Checking defaults for PD1/pdf/m/n on input line 14.
LaTeX Font Info:    ... okay on input line 14.
 ("F:\Downloads\MiKTeX 2.9\tex\context\base\supp-pdf.mkii"
[Loading MPS to PDF converter (version 2006.09.02).]
\scratchcounter=\count107
\scratchdimen=\dimen118
\scratchbox=\box31
\nofMPsegments=\count108
\nofMParguments=\count109
\everyMPshowfont=\toks19
\MPscratchCnt=\count110
\MPscratchDim=\dimen119
\MPnumerator=\count111
\makeMPintoPDFobject=\count112
\everyMPtoPDFconversion=\toks20
) ("F:\Downloads\MiKTeX 2.9\tex\latex\oberdiek\epstopdf-base.sty"
Package: epstopdf-base 2016/05/15 v2.6 Base part for package epstopdf

("F:\Downloads\MiKTeX 2.9\tex\latex\oberdiek\grfext.sty"
Package: grfext 2016/05/16 v1.2 Manage graphics extensions (HO)
)
Package epstopdf-base Info: Redefining graphics rule for `.eps' on input line 4
38.
Package grfext Info: Graphics extension search list:
(grfext)             [.png,.pdf,.jpg,.mps,.jpeg,.jbig2,.jb2,.PNG,.PDF,.JPG,.JPE
G,.JBIG2,.JB2,.eps]
(grfext)             \AppendGraphicsExtensions on input line 456.
)
\AtBeginShipoutBox=\box32
Package hyperref Info: Link coloring OFF on input line 14.

("F:\Downloads\MiKTeX 2.9\tex\latex\hyperref\nameref.sty"
Package: nameref 2016/05/21 v2.44 Cross-referencing by name of section

("F:\Downloads\MiKTeX 2.9\tex\generic\oberdiek\gettitlestring.sty"
Package: gettitlestring 2016/05/16 v1.5 Cleanup title references (HO)
)
\c@section@level=\count113
)
LaTeX Info: Redefining \ref on input line 14.
LaTeX Info: Redefining \pageref on input line 14.
LaTeX Info: Redefining \nameref on input line 14.

("Metrics of successful websites and companies.out")
("Metrics of successful websites and companies.out")
\@outlinefile=\write3
\openout3 = `"Metrics of successful websites and companies.out"'.

\c@lstlisting=\count114
LaTeX Font Info:    External font `cmex10' loaded for size
(Font)              <12> on input line 19.
LaTeX Font Info:    External font `cmex10' loaded for size
(Font)              <8> on input line 19.
LaTeX Font Info:    External font `cmex10' loaded for size
(Font)              <6> on input line 19.
 [1

{C:/ProgramData/MiKTeX/2.9/pdftex/config/pdftex.map}] ("Metrics of successful w
ebsites and companies.toc"
LaTeX Font Info:    External font `cmex10' loaded for size
(Font)              <7> on input line 3.
LaTeX Font Info:    External font `cmex10' loaded for size
(Font)              <5> on input line 3.
 [2])
\tf@toc=\write4
\openout4 = `"Metrics of successful websites and companies.toc"'.

 [3] [4]
Overfull \hbox (62.33409pt too wide) in paragraph at lines 37--93
 [][] 
 []

[5]
LaTeX Font Info:    Try loading font information for OMS+cmr on input line 98.
 ("F:\Downloads\MiKTeX 2.9\tex\latex\base\omscmr.fd"
File: omscmr.fd 2014/09/29 v2.5h Standard LaTeX font definitions
)
LaTeX Font Info:    Font shape `OMS/cmr/m/n' in size <10> not available
(Font)              Font shape `OMS/cmsy/m/n' tried instead on input line 98.
 [6pdfTeX warning (ext4): destination with the same identifier (name{table.1}) 
has been already used, duplicate ignored

\AtBegShi@Output ...ipout \box \AtBeginShipoutBox 
                                                  \fi \fi 
l.106 \subsubsection{Number of links:}
                                      \label{M:Number of links}] [7]
Underfull \hbox (badness 10000) in paragraph at lines 117--123

 []

[8] ("F:\Downloads\MiKTeX 2.9\tex\latex\listings\lstlang1.sty"
File: lstlang1.sty 2015/06/04 1.6 listings language file
) [9]
LaTeX Font Info:    Try loading font information for OML+cmr on input line 181.


("F:\Downloads\MiKTeX 2.9\tex\latex\base\omlcmr.fd"
File: omlcmr.fd 2014/09/29 v2.5h Standard LaTeX font definitions
)
LaTeX Font Info:    Font shape `OML/cmr/m/n' in size <10> not available
(Font)              Font shape `OML/cmm/m/it' tried instead on input line 181.
 [10]
Overfull \hbox (3.00354pt too wide) in paragraph at lines 189--190
[][][][][][][][][][][][] 
 []

[11] [12] [13] [14]
Missing character: There is no ‚ in font cmr10!
Missing character: There is no Ä in font cmr10!
Missing character: There is no ú in font cmr10!
Missing character: There is no ‚ in font cmr10!
Missing character: There is no Ä in font cmr10!
Missing character: There is no ù in font cmr10!
 [15pdfTeX warning (ext4): destination with the same identifier (name{table.2})
 has been already used, duplicate ignored

\AtBegShi@Output ...ipout \box \AtBeginShipoutBox 
                                                  \fi \fi 
l.345 \item N
             umber of Sentences]
Underfull \hbox (badness 10000) in paragraph at lines 348--355

 []


Underfull \hbox (badness 10000) in paragraph at lines 348--355

 []


Underfull \hbox (badness 10000) in paragraph at lines 348--355

 []


Overfull \hbox (3.00354pt too wide) in paragraph at lines 370--371
[][][][][][][][][][][][][][][][][][][][][][][][][][][][][][][] 
 []


Overfull \hbox (27.00378pt too wide) in paragraph at lines 374--375
[][][][][][][][][][][][][][][][][][][][][][][][][][][][] 
 []

[16]
Overfull \hbox (51.00403pt too wide) in paragraph at lines 387--388
[][][][][][][][][][][][][][][][][][][][][][][][][][][][] 
 []


Overfull \hbox (33.00385pt too wide) in paragraph at lines 399--400
[][][][][][][][][][][][][][][][][][][][][][] 
 []


Overfull \hbox (9.0036pt too wide) in paragraph at lines 403--404
[][][][][][][][][][][][][][][][] 
 []


Overfull \hbox (15.00366pt too wide) in paragraph at lines 405--406
[][][][][][][][][][][][][][][][] 
 []


Overfull \hbox (9.0036pt too wide) in paragraph at lines 407--408
[][][][][][][][][][][][] 
 []

[17]
Overfull \hbox (9.0036pt too wide) in paragraph at lines 420--421
[][][][][][][][][][][][] 
 []


Overfull \hbox (9.0036pt too wide) in paragraph at lines 446--447
[][][][][][][][][][][][] 
 []


Overfull \hbox (135.00488pt too wide) in paragraph at lines 453--454
[][][][][][][][][][][][][][][][][][][][][][][][][][][][][][] 
 []


Underfull \hbox (badness 10000) in paragraph at lines 460--466

 []


Underfull \hbox (badness 10000) in paragraph at lines 460--466

 []


Underfull \hbox (badness 10000) in paragraph at lines 460--466

 []


Underfull \hbox (badness 10000) in paragraph at lines 460--466

 []


Underfull \hbox (badness 10000) in paragraph at lines 460--466

 []

[18]
Underfull \hbox (badness 10000) in paragraph at lines 475--479

 []

[19]
Overfull \hbox (15.00366pt too wide) in paragraph at lines 500--501
[][][][][][][][][][][][][][][][] 
 []


Overfull \hbox (3.00354pt too wide) in paragraph at lines 504--505
[][][][][][][][][][][][][][][][] 
 []


Overfull \hbox (39.0039pt too wide) in paragraph at lines 509--510
[][][][][][][][][][][][][][][][][][][][][][][][][] 
 []


Overfull \hbox (3.00354pt too wide) in paragraph at lines 510--511
[][][][][][][][][][][][][][][][][][][][][] 
 []


Overfull \hbox (51.00403pt too wide) in paragraph at lines 511--512
[][][][][][][][][][][][][][][][][][][][][] 
 []


Overfull \hbox (27.00378pt too wide) in paragraph at lines 512--513
[][][][][][][][][][][][][][][][][][][][] 
 []


Overfull \hbox (3.00354pt too wide) in paragraph at lines 515--516
[][][][][][][][][][][][][][][][][][][][][][] 
 []

[20]
Underfull \hbox (badness 10000) in paragraph at lines 519--536

 []


Underfull \hbox (badness 10000) in paragraph at lines 519--536

 []


Underfull \hbox (badness 10000) in paragraph at lines 519--536

 []


Underfull \hbox (badness 10000) in paragraph at lines 519--536

 []


Underfull \hbox (badness 10000) in paragraph at lines 519--536

 []

[21]
Overfull \hbox (171.00525pt too wide) in paragraph at lines 548--549
[][][][][][][][][][][][][][][][][][][][][][][][][][][][][][][][][][][][][][][][
][] 
 []


Overfull \hbox (75.00427pt too wide) in paragraph at lines 552--553
[][][][][][][][][][][][][][][][][][][][][][][][][][][][] 
 []


Overfull \hbox (15.00366pt too wide) in paragraph at lines 554--555
[][][][][][][][][][][][][][][][][][][][][][][] 
 []

[22]
Overfull \hbox (9.0036pt too wide) in paragraph at lines 573--574
[][][][][][][][][][][][][][][][][][][][] 
 []


Overfull \hbox (9.0036pt too wide) in paragraph at lines 575--576
[][][][][][][][][][][][][][][][][][][] 
 []


Overfull \hbox (69.00421pt too wide) in paragraph at lines 578--579
[][][][][][][][][][][][][][][][][][][][][][][] 
 []


Overfull \hbox (27.00378pt too wide) in paragraph at lines 596--597
[][][][][][][][][][][][][][][][][][][][][] 
 []


Overfull \hbox (27.00378pt too wide) in paragraph at lines 597--598
[][][][][][][][][][][][][][][][][][][][][][] 
 []


Overfull \hbox (63.00415pt too wide) in paragraph at lines 598--599
[][][][][][][][][][][][][][][][][][][][][] 
 []


Overfull \hbox (45.00397pt too wide) in paragraph at lines 599--600
[][][][][][][][][][][][][][][][][][][][][][][][][][] 
 []

[23]
Overfull \hbox (3.00354pt too wide) in paragraph at lines 631--632
[][][][][][][][][][][][][][] 
 []

[24] [25]
Overfull \hbox (15.00366pt too wide) in paragraph at lines 691--692
[][][][][][][][][][][][][][][][][][][][][][][][][][][] 
 []

[26]
Overfull \hbox (15.00366pt too wide) in paragraph at lines 741--742
[][][][][][][][][][][][][][][][][][][][][] 
 []

[27]
Overfull \hbox (27.00378pt too wide) in paragraph at lines 778--779
[][][][][][][][][][][][][][] 
 []

[28]
Overfull \hbox (81.00433pt too wide) in paragraph at lines 800--801
[][][][][][][][][][][][][][][][][][][][][][][][][][][][][][][][][] 
 []


Overfull \hbox (21.00372pt too wide) in paragraph at lines 807--808
[][][][][][][][][][][][][][][][][][][][][][][][] 
 []


Overfull \hbox (45.00397pt too wide) in paragraph at lines 813--814
[][][][][][][][][][][][][][][][][][][][][][][][][][][][][][][] 
 []

[29] [30] [31]
Overfull \hbox (3.00354pt too wide) in paragraph at lines 906--907
[][][][][][][][][][][][][][][][] 
 []

[32]
Underfull \hbox (badness 10000) in paragraph at lines 943--951

 []


Underfull \hbox (badness 10000) in paragraph at lines 943--951

 []


Underfull \hbox (badness 10000) in paragraph at lines 943--951

 []


Underfull \hbox (badness 10000) in paragraph at lines 943--951

 []


Underfull \hbox (badness 10000) in paragraph at lines 943--951

 []


Underfull \hbox (badness 10000) in paragraph at lines 943--951

 []

[33]
Overfull \hbox (63.00415pt too wide) in paragraph at lines 965--966
[][][][][][][][][][][][][][] 
 []

[34]
Overfull \hbox (27.00378pt too wide) in paragraph at lines 1016--1017
[][][][][][][][][][][][][][][][][][][][] 
 []


Overfull \hbox (3.00354pt too wide) in paragraph at lines 1020--1021
[][][][][][][][][][][][][][][][] 
 []


Overfull \hbox (117.0047pt too wide) in paragraph at lines 1023--1024
[][][][][][][][][][][][][][] 
 []


Overfull \hbox (87.0044pt too wide) in paragraph at lines 1026--1027
[][][][][][][][][][][][][][] 
 []


Overfull \hbox (33.00385pt too wide) in paragraph at lines 1028--1029
[][][][][][][][][][][][] 
 []

[35]
Underfull \hbox (badness 10000) in paragraph at lines 1038--1040

 []


Underfull \hbox (badness 10000) in paragraph at lines 1066--1069

 []


Underfull \hbox (badness 10000) in paragraph at lines 1066--1069

 []

[36]
Underfull \hbox (badness 10000) in paragraph at lines 1110--1113

 []


Underfull \hbox (badness 10000) in paragraph at lines 1110--1113

 []

[37]
Overfull \hbox (21.00372pt too wide) in paragraph at lines 1120--1121
[][][][][][][][][][][][][][] 
 []


Overfull \hbox (3.00354pt too wide) in paragraph at lines 1129--1130
[][][][][][][][][][][][][][][][][][][][][][][][] 
 []


Underfull \hbox (badness 10000) in paragraph at lines 1139--1142

 []

[38]
Missing character: There is no Œ in font cmr10!
Missing character: There is no ≤ in font cmr10!
Missing character: There is no ‚ in font cmr10!
Missing character: There is no Ç in font cmr10!
Missing character: There is no ¨ in font cmr10!
Missing character: There is no ‚ in font cmr10!
Missing character: There is no Ñ in font cmr10!
Missing character: There is no ¢ in font cmr10!

Overfull \hbox (15.00366pt too wide) in paragraph at lines 1173--1174
[][][][][][][][][][][][][][][][][][][][][][][] 
 []


Overfull \hbox (129.00482pt too wide) in paragraph at lines 1174--1175
[][][][][][][][][][][][][][][][][][][][][][][][][][][][][] 
 []


Overfull \hbox (105.00458pt too wide) in paragraph at lines 1177--1178
[][][][][][][][][][][][][][][][][][][][][][][][] 
 []

[39]
Overfull \hbox (21.00372pt too wide) in paragraph at lines 1226--1227
[][][][][][][][][][][][] 
 []

[40] [41]
Overfull \hbox (63.00415pt too wide) in paragraph at lines 1301--1302
[][][][][][][][][][][][][][][][][][][][][][][][][][][] 
 []

[42]
Overfull \hbox (9.0036pt too wide) in paragraph at lines 1319--1320
[][][][][][][][][][][][][][][][][][][][][][][] 
 []

[43] [44] [45pdfTeX warning (ext4): destination with the same identifier (name{
table.3}) has been already used, duplicate ignored

\AtBegShi@Output ...ipout \box \AtBeginShipoutBox 
                                                  \fi \fi 
l.1388 \item \textbf
                    {ggplot2}: The ggplot2 package, created by Hadley Wickha...
]

LaTeX Warning: File `../../../../Pictures/R/RANKING_ASSETS.png' not found on in
put line 1412.


! Package pdftex.def Error: File `../../../../Pictures/R/RANKING_ASSETS.png' no
t found.

See the pdftex.def package documentation for explanation.
Type  H <return>  for immediate help.
 ...                                              
                                                  
l.1412 .../../../../Pictures/R/RANKING_ASSETS.png}
                                                   \\
Using draft setting for this image.
Try typing  <return>  to proceed.
If that doesn't work, type  X <return>  to quit.


Underfull \hbox (badness 10000) in paragraph at lines 1406--1415

 []

[46pdfTeX warning (ext4): destination with the same identifier (name{table.4}) 
has been already used, duplicate ignored

\AtBegShi@Output ...ipout \box \AtBeginShipoutBox 
                                                  \fi \fi 
l.1416 
       ]

LaTeX Warning: File `../../../../Pictures/R/RANKING_MARKETVALUE.png' not found 
on input line 1421.


! Package pdftex.def Error: File `../../../../Pictures/R/RANKING_MARKETVALUE.pn
g' not found.

See the pdftex.def package documentation for explanation.
Type  H <return>  for immediate help.
 ...                                              
                                                  
l.1421 ..../../Pictures/R/RANKING_MARKETVALUE.png}
                                                    \\
Using draft setting for this image.
Try typing  <return>  to proceed.
If that doesn't work, type  X <return>  to quit.


LaTeX Warning: File `../../../../Pictures/R/RANKING_TE.png' not found on input 
line 1430.


! Package pdftex.def Error: File `../../../../Pictures/R/RANKING_TE.png' not fo
und.

See the pdftex.def package documentation for explanation.
Type  H <return>  for immediate help.
 ...                                              
                                                  
l.1430 ...]{../../../../Pictures/R/RANKING_TE.png}
                                                    \\
Using draft setting for this image.
Try typing  <return>  to proceed.
If that doesn't work, type  X <return>  to quit.


LaTeX Warning: File `../../../../Pictures/R/RANKING_REVENUE.png' not found on i
nput line 1439.


! Package pdftex.def Error: File `../../../../Pictures/R/RANKING_REVENUE.png' n
ot found.

See the pdftex.def package documentation for explanation.
Type  H <return>  for immediate help.
 ...                                              
                                                  
l.1439 ...../../../Pictures/R/RANKING_REVENUE.png}
                                                   \\
Using draft setting for this image.
Try typing  <return>  to proceed.
If that doesn't work, type  X <return>  to quit.

[47pdfTeX warning (ext4): destination with the same identifier (name{table.5}) 
has been already used, duplicate ignored

\AtBegShi@Output ...ipout \box \AtBeginShipoutBox 
                                                  \fi \fi 
l.1445 
       pdfTeX warning (ext4): destination with the same identifier (name{table.
6}) has been already used, duplicate ignored

\AtBegShi@Output ...ipout \box \AtBeginShipoutBox 
                                                  \fi \fi 
l.1445 
       pdfTeX warning (ext4): destination with the same identifier (name{table.
7}) has been already used, duplicate ignored

\AtBegShi@Output ...ipout \box \AtBeginShipoutBox 
                                                  \fi \fi 
l.1445 
       pdfTeX warning (ext4): destination with the same identifier (name{table.
8}) has been already used, duplicate ignored

\AtBegShi@Output ...ipout \box \AtBeginShipoutBox 
                                                  \fi \fi 
l.1445 
       ]

LaTeX Warning: File `../../../../Pictures/R/cor_ranking.png' not found on input
 line 1450.


! Package pdftex.def Error: File `../../../../Pictures/R/cor_ranking.png' not f
ound.

See the pdftex.def package documentation for explanation.
Type  H <return>  for immediate help.
 ...                                              
                                                  
l.1450 ...{../../../../Pictures/R/cor_ranking.png}
                                                    \\
Using draft setting for this image.
Try typing  <return>  to proceed.
If that doesn't work, type  X <return>  to quit.


LaTeX Warning: File `../../../../Pictures/R/facebook.png' not found on input li
ne 1462.


! Package pdftex.def Error: File `../../../../Pictures/R/facebook.png' not foun
d.

See the pdftex.def package documentation for explanation.
Type  H <return>  for immediate help.
 ...                                              
                                                  
l.1462 ....5]{../../../../Pictures/R/facebook.png}
                                                    \\
Using draft setting for this image.
Try typing  <return>  to proceed.
If that doesn't work, type  X <return>  to quit.


Underfull \hbox (badness 10000) in paragraph at lines 1457--1465

 []


LaTeX Warning: File `../../../../Pictures/R/twitter.png' not found on input lin
e 1471.


! Package pdftex.def Error: File `../../../../Pictures/R/twitter.png' not found
.

See the pdftex.def package documentation for explanation.
Type  H <return>  for immediate help.
 ...                                              
                                                  
l.1471 ...0.5]{../../../../Pictures/R/twitter.png}
                                                    \\
Using draft setting for this image.
Try typing  <return>  to proceed.
If that doesn't work, type  X <return>  to quit.


LaTeX Warning: File `../../../../Pictures/R/instagram.png' not found on input l
ine 1480.


! Package pdftex.def Error: File `../../../../Pictures/R/instagram.png' not fou
nd.

See the pdftex.def package documentation for explanation.
Type  H <return>  for immediate help.
 ...                                              
                                                  
l.1480 ...5]{../../../../Pictures/R/instagram.png}
                                                    \\
Using draft setting for this image.
Try typing  <return>  to proceed.
If that doesn't work, type  X <return>  to quit.

[48pdfTeX warning (ext4): destination with the same identifier (name{table.9}) 
has been already used, duplicate ignored

\AtBegShi@Output ...ipout \box \AtBeginShipoutBox 
                                                  \fi \fi 
l.1484 
       pdfTeX warning (ext4): destination with the same identifier (name{table.
10}) has been already used, duplicate ignored

\AtBegShi@Output ...ipout \box \AtBeginShipoutBox 
                                                  \fi \fi 
l.1484 
       pdfTeX warning (ext4): destination with the same identifier (name{table.
11}) has been already used, duplicate ignored

\AtBegShi@Output ...ipout \box \AtBeginShipoutBox 
                                                  \fi \fi 
l.1484 
       ]

LaTeX Warning: File `../../../../Pictures/R/pinterest.png' not found on input l
ine 1489.


! Package pdftex.def Error: File `../../../../Pictures/R/pinterest.png' not fou
nd.

See the pdftex.def package documentation for explanation.
Type  H <return>  for immediate help.
 ...                                              
                                                  
l.1489 ...5]{../../../../Pictures/R/pinterest.png}
                                                    \\
Using draft setting for this image.
Try typing  <return>  to proceed.
If that doesn't work, type  X <return>  to quit.


LaTeX Warning: File `../../../../Pictures/R/youtube.png' not found on input lin
e 1498.


! Package pdftex.def Error: File `../../../../Pictures/R/youtube.png' not found
.

See the pdftex.def package documentation for explanation.
Type  H <return>  for immediate help.
 ...                                              
                                                  
l.1498 ...0.5]{../../../../Pictures/R/youtube.png}
                                                    \\
Using draft setting for this image.
Try typing  <return>  to proceed.
If that doesn't work, type  X <return>  to quit.


LaTeX Warning: File `../../../../Pictures/R/linkedin.png' not found on input li
ne 1507.


! Package pdftex.def Error: File `../../../../Pictures/R/linkedin.png' not foun
d.

See the pdftex.def package documentation for explanation.
Type  H <return>  for immediate help.
 ...                                              
                                                  
l.1507 ....5]{../../../../Pictures/R/linkedin.png}
                                                    \\
Using draft setting for this image.
Try typing  <return>  to proceed.
If that doesn't work, type  X <return>  to quit.


LaTeX Warning: File `../../../../Pictures/R/corralation_sm.png' not found on in
put line 1518.


! Package pdftex.def Error: File `../../../../Pictures/R/corralation_sm.png' no
t found.

See the pdftex.def package documentation for explanation.
Type  H <return>  for immediate help.
 ...                                              
                                                  
l.1518 .../../../../Pictures/R/corralation_sm.png}
                                                    \\
Using draft setting for this image.
Try typing  <return>  to proceed.
If that doesn't work, type  X <return>  to quit.

[49pdfTeX warning (ext4): destination with the same identifier (name{table.12})
 has been already used, duplicate ignored

\AtBegShi@Output ...ipout \box \AtBeginShipoutBox 
                                                  \fi \fi 
l.1521 \end{table}
                  pdfTeX warning (ext4): destination with the same identifier (
name{table.13}) has been already used, duplicate ignored

\AtBegShi@Output ...ipout \box \AtBeginShipoutBox 
                                                  \fi \fi 
l.1521 \end{table}
                  pdfTeX warning (ext4): destination with the same identifier (
name{table.14}) has been already used, duplicate ignored

\AtBegShi@Output ...ipout \box \AtBeginShipoutBox 
                                                  \fi \fi 
l.1521 \end{table}
                  pdfTeX warning (ext4): destination with the same identifier (
name{table.15}) has been already used, duplicate ignored

\AtBegShi@Output ...ipout \box \AtBeginShipoutBox 
                                                  \fi \fi 
l.1521 \end{table}
                  ]

LaTeX Warning: File `../../../../Pictures/R/t_links.png' not found on input lin
e 1531.


! Package pdftex.def Error: File `../../../../Pictures/R/t_links.png' not found
.

See the pdftex.def package documentation for explanation.
Type  H <return>  for immediate help.
 ...                                              
                                                  
l.1531 ...0.5]{../../../../Pictures/R/t_links.png}
                                                    \\
Using draft setting for this image.
Try typing  <return>  to proceed.
If that doesn't work, type  X <return>  to quit.


LaTeX Warning: File `../../../../Pictures/R/ex_links.png' not found on input li
ne 1540.


! Package pdftex.def Error: File `../../../../Pictures/R/ex_links.png' not foun
d.

See the pdftex.def package documentation for explanation.
Type  H <return>  for immediate help.
 ...                                              
                                                  
l.1540 ....5]{../../../../Pictures/R/ex_links.png}
                                                    \\
Using draft setting for this image.
Try typing  <return>  to proceed.
If that doesn't work, type  X <return>  to quit.


LaTeX Warning: File `../../../../Pictures/R/in_links.png' not found on input li
ne 1549.


! Package pdftex.def Error: File `../../../../Pictures/R/in_links.png' not foun
d.

See the pdftex.def package documentation for explanation.
Type  H <return>  for immediate help.
 ...                                              
                                                  
l.1549 ....5]{../../../../Pictures/R/in_links.png}
                                                    \\
Using draft setting for this image.
Try typing  <return>  to proceed.
If that doesn't work, type  X <return>  to quit.

[50pdfTeX warning (ext4): destination with the same identifier (name{table.16})
 has been already used, duplicate ignored

\AtBegShi@Output ...ipout \box \AtBeginShipoutBox 
                                                  \fi \fi 
l.1553 
       pdfTeX warning (ext4): destination with the same identifier (name{table.
17}) has been already used, duplicate ignored

\AtBegShi@Output ...ipout \box \AtBeginShipoutBox 
                                                  \fi \fi 
l.1553 
       pdfTeX warning (ext4): destination with the same identifier (name{table.
18}) has been already used, duplicate ignored

\AtBegShi@Output ...ipout \box \AtBeginShipoutBox 
                                                  \fi \fi 
l.1553 
       ]

LaTeX Warning: File `../../../../Pictures/R/cor_links.png' not found on input l
ine 1560.


! Package pdftex.def Error: File `../../../../Pictures/R/cor_links.png' not fou
nd.

See the pdftex.def package documentation for explanation.
Type  H <return>  for immediate help.
 ...                                              
                                                  
l.1560 ...5]{../../../../Pictures/R/cor_links.png}
                                                    \\
Using draft setting for this image.
Try typing  <return>  to proceed.
If that doesn't work, type  X <return>  to quit.


LaTeX Warning: File `../../../../Pictures/R/l_time.png' not found on input line
 1572.


! Package pdftex.def Error: File `../../../../Pictures/R/l_time.png' not found.


See the pdftex.def package documentation for explanation.
Type  H <return>  for immediate help.
 ...                                              
                                                  
l.1572 ...=0.5]{../../../../Pictures/R/l_time.png}
                                                    \\
Using draft setting for this image.
Try typing  <return>  to proceed.
If that doesn't work, type  X <return>  to quit.

[51pdfTeX warning (ext4): destination with the same identifier (name{table.19})
 has been already used, duplicate ignored

\AtBegShi@Output ...ipout \box \AtBeginShipoutBox 
                                                  \fi \fi 
l.1578 ...agraph{Content analysis and correlation}
                                                  pdfTeX warning (ext4): destin
ation with the same identifier (name{table.20}) has been already used, duplicat
e ignored

\AtBegShi@Output ...ipout \box \AtBeginShipoutBox 
                                                  \fi \fi 
l.1578 ...agraph{Content analysis and correlation}
                                                  pdfTeX warning (ext4): destin
ation with the same identifier (name{table.21}) has been already used, duplicat
e ignored

\AtBegShi@Output ...ipout \box \AtBeginShipoutBox 
                                                  \fi \fi 
l.1578 ...agraph{Content analysis and correlation}
                                                  ] [52] [53] [54] [55]
[56]
Overfull \hbox (77.1674pt too wide) in paragraph at lines 1640--1713
 [][] 
 []


Overfull \hbox (94.19533pt too wide) in paragraph at lines 1718--1774
 [][] 
 []


Overfull \hbox (102.90353pt too wide) in paragraph at lines 1779--1834
 [][] 
 []

[57pdfTeX warning (ext4): destination with the same identifier (name{table.22})
 has been already used, duplicate ignored

\AtBegShi@Output ...ipout \box \AtBeginShipoutBox 
                                                  \fi \fi 
l.1835 
       pdfTeX warning (ext4): destination with the same identifier (name{table.
23}) has been already used, duplicate ignored

\AtBegShi@Output ...ipout \box \AtBeginShipoutBox 
                                                  \fi \fi 
l.1835 
       ]
Overfull \hbox (83.07025pt too wide) in paragraph at lines 1839--1895
 [][] 
 []


Overfull \hbox (110.59805pt too wide) in paragraph at lines 1900--1956
 [][] 
 []

[58pdfTeX warning (ext4): destination with the same identifier (name{table.24})
 has been already used, duplicate ignored

\AtBegShi@Output ...ipout \box \AtBeginShipoutBox 
                                                  \fi \fi 
l.1957 
       pdfTeX warning (ext4): destination with the same identifier (name{table.
25}) has been already used, duplicate ignored

\AtBegShi@Output ...ipout \box \AtBeginShipoutBox 
                                                  \fi \fi 
l.1957 
       ]
Overfull \hbox (97.54259pt too wide) in paragraph at lines 1961--2017
 [][] 
 []


Overfull \hbox (100.97313pt too wide) in paragraph at lines 2022--2078
 [][] 
 []

[59pdfTeX warning (ext4): destination with the same identifier (name{table.26})
 has been already used, duplicate ignored

\AtBegShi@Output ...ipout \box \AtBeginShipoutBox 
                                                  \fi \fi 
l.2079 
       pdfTeX warning (ext4): destination with the same identifier (name{table.
27}) has been already used, duplicate ignored

\AtBegShi@Output ...ipout \box \AtBeginShipoutBox 
                                                  \fi \fi 
l.2079 
       ]
Overfull \hbox (100.3897pt too wide) in paragraph at lines 2083--2139
 [][] 
 []


Overfull \hbox (79.23694pt too wide) in paragraph at lines 2144--2200
 [][] 
 []

[60pdfTeX warning (ext4): destination with the same identifier (name{table.28})
 has been already used, duplicate ignored

\AtBegShi@Output ...ipout \box \AtBeginShipoutBox 
                                                  \fi \fi 
l.2201 
       pdfTeX warning (ext4): destination with the same identifier (name{table.
29}) has been already used, duplicate ignored

\AtBegShi@Output ...ipout \box \AtBeginShipoutBox 
                                                  \fi \fi 
l.2201 
       ]

Package hyperref Warning: Difference (2) between bookmark levels is greater 
(hyperref)                than one, level fixed on input line 2217.

("F:\Downloads\MiKTeX 2.9\tex\latex\listings\lstlang1.sty"
File: lstlang1.sty 2015/06/04 1.6 listings language file
)
("F:\Downloads\MiKTeX 2.9\tex\latex\listings\lstlang2.sty"
File: lstlang2.sty 2015/06/04 1.6 listings language file
)
("F:\Downloads\MiKTeX 2.9\tex\latex\listings\lstlang3.sty"
File: lstlang3.sty 2015/06/04 1.6 listings language file
)
LaTeX Font Info:    Font shape `OML/cmr/bx/n' in size <10> not available
(Font)              Font shape `OML/cmm/b/it' tried instead on input line 2220.


Overfull \hbox (27.00378pt too wide) in paragraph at lines 2220--2221
[][][][][][][][][][][][][][][][][][][][][][][][][][] 
 []


Overfull \hbox (15.00366pt too wide) in paragraph at lines 2222--2223
[][][][][][][][][][][][][][][][][][][][][][][][][] 
 []


Overfull \hbox (3.00354pt too wide) in paragraph at lines 2233--2234
[][][][][][][][][][][][][][][][][][][][][][][][][][][][][] 
 []

[61pdfTeX warning (ext4): destination with the same identifier (name{table.30})
 has been already used, duplicate ignored

\AtBegShi@Output ...ipout \box \AtBeginShipoutBox 
                                                  \fi \fi 
l.2238 for(
           i in 20:730){]
Overfull \hbox (27.00378pt too wide) in paragraph at lines 2244--2245
[][][][][][][][][][][][][][][][][][][][][][][][][] 
 []


Overfull \hbox (45.00397pt too wide) in paragraph at lines 2253--2254
[][][][][][][][][][][][][][][][][][][][][][][][][][][] 
 []


Overfull \hbox (261.00616pt too wide) in paragraph at lines 2265--2266
[][][][][][][][][][][][][][][][][][][][][][][][][][][][][][][][][][][][][][][][
][][][] 
 []


Overfull \hbox (45.00397pt too wide) in paragraph at lines 2268--2269
[][][][][][][][][][][][][][][][][][][][][][][][][][][] 
 []


Overfull \hbox (27.00378pt too wide) in paragraph at lines 2270--2271
[][][][][][][][][][][][][][][][][][][][][][][][][][][] 
 []


Overfull \hbox (39.0039pt too wide) in paragraph at lines 2272--2273
[][][][][][][][][][][][][][][][][][][][][][][][][][][] 
 []


Overfull \hbox (27.00378pt too wide) in paragraph at lines 2274--2276
[][][][][][][][][][][][][][][][][][][][][][][][][][][] 
 []


Overfull \hbox (207.00562pt too wide) in paragraph at lines 2276--2277
[][][][][][][][][][][][][][][][][][][][][][][][][][][][][][][][][][][][][][][] 

 []


Overfull \hbox (645.01007pt too wide) in paragraph at lines 2285--2286
[][][][][][][][][][][][][][][][][][][][][][][][][][][][][][][][][][][][][][][][
][][][][][][][][][][][][][][][][][][][][][][][] 
 []

[62]
Overfull \hbox (87.0044pt too wide) in paragraph at lines 2286--2287
[][][][][][][][][][][][][][][][][][][][][][][][][][][][][][][] 
 []


Overfull \hbox (201.00555pt too wide) in paragraph at lines 2293--2294
[][][][][][][][][][][][][][][][][][][][][][][][][][][][][][][][][][] 
 []


Overfull \hbox (69.00421pt too wide) in paragraph at lines 2299--2300
[][][][][][][][][][][][][][][][][][][][][][][][][] 
 []


Overfull \hbox (57.00409pt too wide) in paragraph at lines 2309--2310
[][][][][][][][][][][][][][][][][][][][][][][][][] 
 []


Overfull \hbox (81.00433pt too wide) in paragraph at lines 2319--2320
[][][][][][][][][][][][][][][][][][][][][][][][][] 
 []


Overfull \hbox (81.00433pt too wide) in paragraph at lines 2329--2330
[][][][][][][][][][][][][][][][][][][][][][][][][] 
 []

[63]
Overfull \hbox (57.00409pt too wide) in paragraph at lines 2339--2340
[][][][][][][][][][][][][][][][][][][][][][][][][] 
 []


Overfull \hbox (69.00421pt too wide) in paragraph at lines 2349--2350
[][][][][][][][][][][][][][][][][][][][][][][][][] 
 []


Overfull \hbox (33.00385pt too wide) in paragraph at lines 2372--2373
[][][][][][][][][][][][][][][][][][][][][][][][][][][] 
 []


Overfull \hbox (21.00372pt too wide) in paragraph at lines 2376--2377
[][][][][][][][][][][][][][][][][][][][][][][][][][][] 
 []

[64]
Overfull \hbox (45.00397pt too wide) in paragraph at lines 2380--2381
[][][][][][][][][][][][][][][][][][][][][][][][][][][] 
 []


Overfull \hbox (15.00366pt too wide) in paragraph at lines 2398--2399
[][][][][][][][][][][][][][][][][][][][][][][][][][][] 
 []

Package atveryend Info: Empty hook `BeforeClearDocument' on input line 2402.
[65]
Package atveryend Info: Empty hook `AfterLastShipout' on input line 2402.
 ("Metrics of successful websites and companies.aux")
Package atveryend Info: Executing hook `AtVeryEndDocument' on input line 2402.
Package atveryend Info: Executing hook `AtEndAfterFileList' on input line 2402.

Package rerunfilecheck Info: File `"Metrics of successful websites and companie
s".out' has not changed.
(rerunfilecheck)             Checksum: 71437B4B5E3F90D60A9B0749527D8352;2865.


LaTeX Warning: There were multiply-defined labels.

Package atveryend Info: Empty hook `AtVeryVeryEnd' on input line 2402.
 ) 
Here is how much of TeX's memory you used:
 9233 strings out of 493334
 131822 string characters out of 3140972
 271569 words of memory out of 3000000
 11416 multiletter control sequences out of 15000+200000
 9126 words of font info for 32 fonts, out of 3000000 for 9000
 1141 hyphenation exceptions out of 8191
 29i,8n,42p,1234b,2331s stack positions out of 5000i,500n,10000p,200000b,50000s
<F:/Downloads/MiKTeX 2.9/fonts/type1/public/amsfonts/cm/cmbx10.pfb><F:/Downlo
ads/MiKTeX 2.9/fonts/type1/public/amsfonts/cm/cmbx12.pfb><F:/Downloads/MiKTeX 2
.9/fonts/type1/public/amsfonts/cm/cmbxti10.pfb><F:/Downloads/MiKTeX 2.9/fonts/t
ype1/public/amsfonts/cm/cmmi10.pfb><F:/Downloads/MiKTeX 2.9/fonts/type1/public/
amsfonts/cm/cmmi7.pfb><F:/Downloads/MiKTeX 2.9/fonts/type1/public/amsfonts/cm/c
mmib10.pfb><F:/Downloads/MiKTeX 2.9/fonts/type1/public/amsfonts/cm/cmr10.pfb><F
:/Downloads/MiKTeX 2.9/fonts/type1/public/amsfonts/cm/cmr12.pfb><F:/Downloads/M
iKTeX 2.9/fonts/type1/public/amsfonts/cm/cmr17.pfb><F:/Downloads/MiKTeX 2.9/fon
ts/type1/public/amsfonts/cm/cmr6.pfb><F:/Downloads/MiKTeX 2.9/fonts/type1/publi
c/amsfonts/cm/cmr7.pfb><F:/Downloads/MiKTeX 2.9/fonts/type1/public/amsfonts/cm/
cmr8.pfb><F:/Downloads/MiKTeX 2.9/fonts/type1/public/amsfonts/cm/cmsy10.pfb><F:
/Downloads/MiKTeX 2.9/fonts/type1/public/amsfonts/cm/cmti10.pfb><F:/Downloads/M
iKTeX 2.9/fonts/type1/public/amsfonts/cm/cmtt10.pfb>
Output written on "Metrics of successful websites and companies.pdf" (65 pages,
 575072 bytes).
PDF statistics:
 1980 PDF objects out of 2073 (max. 8388607)
 1271 named destinations out of 1440 (max. 500000)
 313 words of extra memory for PDF output out of 10000 (max. 10000000)

